1489629591925	geckodriver	INFO	Listening on 127.0.0.1:52250
1489629594453	mozprofile::profile	INFO	Using profile path /var/folders/18/bq1ryt3x07g9_t40dc47thsm0000gn/T/rust_mozprofile.f4FmxBIgo92V
1489629594456	geckodriver::marionette	INFO	Starting browser /Applications/Firefox.app/Contents/MacOS/firefox-bin
1489629594462	geckodriver::marionette	INFO	Connecting to Marionette on localhost:52256
1489629595413	Marionette	INFO	Listening on port 52256
1489629596914	Marionette	INFO	startBrowser 041d6830-5741-5f42-b5c9-5dce009acdf2
1489629596927	Marionette	INFO	sendAsync 041d6830-5741-5f42-b5c9-5dce009acdf2
1489629597124	Marionette	INFO	sendAsync 041d6830-5741-5f42-b5c9-5dce009acdf2
1489629597743	Marionette	INFO	sendAsync 041d6830-5741-5f42-b5c9-5dce009acdf2
JavaScript error: http://www.seleniumhq.org/tophatpromo.js, line 1: ReferenceError: $ is not defined
JavaScript error: http://www.seleniumhq.org/tophatpromo.js, line 1: ReferenceError: $ is not defined
1489629599260	Marionette	INFO	sendAsync 041d6830-5741-5f42-b5c9-5dce009acdf2
1489629599273	Marionette	INFO	sendAsync 041d6830-5741-5f42-b5c9-5dce009acdf2
1489629599292	Marionette	INFO	sendAsync 041d6830-5741-5f42-b5c9-5dce009acdf2
1489629599326	Marionette	INFO	sendAsync 041d6830-5741-5f42-b5c9-5dce009acdf2
[Child 2639] ###!!! ABORT: Aborting on channel error.: file /builds/slave/m-rel-m64-00000000000000000000/build/src/ipc/glue/MessageChannel.cpp, line 2046
[Child 2639] ###!!! ABORT: Aborting on channel error.: file /builds/slave/m-rel-m64-00000000000000000000/build/src/ipc/glue/MessageChannel.cpp, line 2046
1489629647356	geckodriver	INFO	Listening on 127.0.0.1:52326
1489629648441	mozprofile::profile	INFO	Using profile path /var/folders/18/bq1ryt3x07g9_t40dc47thsm0000gn/T/rust_mozprofile.XVgZAet4G4Wr
1489629648444	geckodriver::marionette	INFO	Starting browser /Applications/Firefox.app/Contents/MacOS/firefox-bin
1489629648449	geckodriver::marionette	INFO	Connecting to Marionette on localhost:52332
1489629649088	Marionette	INFO	Listening on port 52332
1489629650469	Marionette	INFO	startBrowser e5823428-553d-df48-86dd-16c32d491608
1489629650482	Marionette	INFO	sendAsync e5823428-553d-df48-86dd-16c32d491608
1489629650679	Marionette	INFO	sendAsync e5823428-553d-df48-86dd-16c32d491608
JavaScript error: http://www.seleniumhq.org/tophatpromo.js, line 1: ReferenceError: $ is not defined
JavaScript error: http://www.seleniumhq.org/tophatpromo.js, line 1: ReferenceError: $ is not defined
1489629652318	Marionette	INFO	sendAsync e5823428-553d-df48-86dd-16c32d491608
1489629652330	Marionette	INFO	sendAsync e5823428-553d-df48-86dd-16c32d491608
1489629652344	Marionette	INFO	sendAsync e5823428-553d-df48-86dd-16c32d491608
1489629652379	Marionette	INFO	sendAsync e5823428-553d-df48-86dd-16c32d491608
1489629667005	geckodriver	INFO	Listening on 127.0.0.1:52385
1489629668127	mozprofile::profile	INFO	Using profile path /var/folders/18/bq1ryt3x07g9_t40dc47thsm0000gn/T/rust_mozprofile.YqgxpwxGoTML
1489629668130	geckodriver::marionette	INFO	Starting browser /Applications/Firefox.app/Contents/MacOS/firefox-bin
1489629668139	geckodriver::marionette	INFO	Connecting to Marionette on localhost:52391
1489629668773	Marionette	INFO	Listening on port 52391
1489629670145	Marionette	INFO	startBrowser ad0cde07-9f8c-f148-908d-dc452e64e95e
1489629670155	Marionette	INFO	sendAsync ad0cde07-9f8c-f148-908d-dc452e64e95e
1489629670364	Marionette	INFO	sendAsync ad0cde07-9f8c-f148-908d-dc452e64e95e
JavaScript error: http://www.seleniumhq.org/tophatpromo.js, line 1: ReferenceError: $ is not defined
JavaScript error: http://www.seleniumhq.org/tophatpromo.js, line 1: ReferenceError: $ is not defined
1489629671167	Marionette	INFO	sendAsync ad0cde07-9f8c-f148-908d-dc452e64e95e
1489629671186	Marionette	INFO	sendAsync ad0cde07-9f8c-f148-908d-dc452e64e95e
1489629671201	Marionette	INFO	sendAsync ad0cde07-9f8c-f148-908d-dc452e64e95e
1489629671241	Marionette	INFO	sendAsync ad0cde07-9f8c-f148-908d-dc452e64e95e
1489629874683	geckodriver	INFO	Listening on 127.0.0.1:52653
1489629875773	mozprofile::profile	INFO	Using profile path /var/folders/18/bq1ryt3x07g9_t40dc47thsm0000gn/T/rust_mozprofile.wwG99OCdteqR
1489629875776	geckodriver::marionette	INFO	Starting browser /Applications/Firefox.app/Contents/MacOS/firefox-bin
1489629875781	geckodriver::marionette	INFO	Connecting to Marionette on localhost:52659
1489629876414	Marionette	INFO	Listening on port 52659
1489629877740	Marionette	INFO	startBrowser d2f69dce-10e8-1f45-9601-d094105f5533
1489629877752	Marionette	INFO	sendAsync d2f69dce-10e8-1f45-9601-d094105f5533
1489629877936	Marionette	INFO	sendAsync d2f69dce-10e8-1f45-9601-d094105f5533
JavaScript error: http://www.seleniumhq.org/tophatpromo.js, line 1: ReferenceError: $ is not defined
JavaScript error: http://www.seleniumhq.org/tophatpromo.js, line 1: ReferenceError: $ is not defined
1489629879874	Marionette	INFO	sendAsync d2f69dce-10e8-1f45-9601-d094105f5533
1489629879885	Marionette	INFO	sendAsync d2f69dce-10e8-1f45-9601-d094105f5533
1489629879900	Marionette	INFO	sendAsync d2f69dce-10e8-1f45-9601-d094105f5533
1489629879946	Marionette	INFO	sendAsync d2f69dce-10e8-1f45-9601-d094105f5533
1489629930985	geckodriver	INFO	Listening on 127.0.0.1:52711
1489629932129	mozprofile::profile	INFO	Using profile path /var/folders/18/bq1ryt3x07g9_t40dc47thsm0000gn/T/rust_mozprofile.zkr7Tp79CiOC
1489629932132	geckodriver::marionette	INFO	Starting browser /Applications/Firefox.app/Contents/MacOS/firefox-bin
1489629932139	geckodriver::marionette	INFO	Connecting to Marionette on localhost:52717
1489629932779	Marionette	INFO	Listening on port 52717
1489629934102	Marionette	INFO	startBrowser 1b5675be-62c0-e74a-8725-d1953ec3c6fe
1489629934115	Marionette	INFO	sendAsync 1b5675be-62c0-e74a-8725-d1953ec3c6fe
1489629934309	Marionette	INFO	sendAsync 1b5675be-62c0-e74a-8725-d1953ec3c6fe
JavaScript error: http://www.seleniumhq.org/tophatpromo.js, line 1: ReferenceError: $ is not defined
JavaScript error: http://www.seleniumhq.org/tophatpromo.js, line 1: ReferenceError: $ is not defined
1489629935089	Marionette	INFO	sendAsync 1b5675be-62c0-e74a-8725-d1953ec3c6fe
1489629935100	Marionette	INFO	sendAsync 1b5675be-62c0-e74a-8725-d1953ec3c6fe
1489629935115	Marionette	INFO	sendAsync 1b5675be-62c0-e74a-8725-d1953ec3c6fe
1489629935151	Marionette	INFO	sendAsync 1b5675be-62c0-e74a-8725-d1953ec3c6fe
1489629935158	Marionette	INFO	sendAsync 1b5675be-62c0-e74a-8725-d1953ec3c6fe
1489630005969	geckodriver	INFO	Listening on 127.0.0.1:52770
1489630007040	mozprofile::profile	INFO	Using profile path /var/folders/18/bq1ryt3x07g9_t40dc47thsm0000gn/T/rust_mozprofile.BljzwzfaJXXT
1489630007043	geckodriver::marionette	INFO	Starting browser /Applications/Firefox.app/Contents/MacOS/firefox-bin
1489630007048	geckodriver::marionette	INFO	Connecting to Marionette on localhost:52776
1489630007690	Marionette	INFO	Listening on port 52776
1489630009039	Marionette	INFO	startBrowser c0679844-7652-7c4a-85ea-e2b1005ac717
1489630009053	Marionette	INFO	sendAsync c0679844-7652-7c4a-85ea-e2b1005ac717
1489630009240	Marionette	INFO	sendAsync c0679844-7652-7c4a-85ea-e2b1005ac717
JavaScript error: http://www.seleniumhq.org/tophatpromo.js, line 1: ReferenceError: $ is not defined
JavaScript error: http://www.seleniumhq.org/tophatpromo.js, line 1: ReferenceError: $ is not defined
1489630010230	Marionette	INFO	sendAsync c0679844-7652-7c4a-85ea-e2b1005ac717
1489630010248	Marionette	INFO	sendAsync c0679844-7652-7c4a-85ea-e2b1005ac717
1489630010263	Marionette	INFO	sendAsync c0679844-7652-7c4a-85ea-e2b1005ac717
1489630010301	Marionette	INFO	sendAsync c0679844-7652-7c4a-85ea-e2b1005ac717
1489630010317	Marionette	INFO	sendAsync c0679844-7652-7c4a-85ea-e2b1005ac717
1489630010334	Marionette	INFO	sendAsync c0679844-7652-7c4a-85ea-e2b1005ac717
1489630010343	Marionette	INFO	sendAsync c0679844-7652-7c4a-85ea-e2b1005ac717
1489630010360	Marionette	INFO	sendAsync c0679844-7652-7c4a-85ea-e2b1005ac717
1489630010433	Marionette	INFO	sendAsync c0679844-7652-7c4a-85ea-e2b1005ac717
JavaScript error: http://www.seleniumhq.org/tophatpromo.js, line 1: ReferenceError: $ is not defined
JavaScript error: http://www.seleniumhq.org/tophatpromo.js, line 1: ReferenceError: $ is not defined
1489630010612	Marionette	INFO	sendAsync c0679844-7652-7c4a-85ea-e2b1005ac717
1489630010642	Marionette	INFO	sendAsync c0679844-7652-7c4a-85ea-e2b1005ac717
1489630010658	Marionette	INFO	sendAsync c0679844-7652-7c4a-85ea-e2b1005ac717
1489630054371	geckodriver	INFO	Listening on 127.0.0.1:52846
1489630055456	mozprofile::profile	INFO	Using profile path /var/folders/18/bq1ryt3x07g9_t40dc47thsm0000gn/T/rust_mozprofile.TtUp5Q9Pk8lC
1489630055459	geckodriver::marionette	INFO	Starting browser /Applications/Firefox.app/Contents/MacOS/firefox-bin
1489630055464	geckodriver::marionette	INFO	Connecting to Marionette on localhost:52852
1489630056097	Marionette	INFO	Listening on port 52852
1489630057473	Marionette	INFO	startBrowser eda354b8-0abf-884f-a785-63e24c967a0d
1489630057485	Marionette	INFO	sendAsync eda354b8-0abf-884f-a785-63e24c967a0d
1489630057662	Marionette	INFO	sendAsync eda354b8-0abf-884f-a785-63e24c967a0d
JavaScript error: http://www.seleniumhq.org/tophatpromo.js, line 1: ReferenceError: $ is not defined
JavaScript error: http://www.seleniumhq.org/tophatpromo.js, line 1: ReferenceError: $ is not defined
1489630058662	Marionette	INFO	sendAsync eda354b8-0abf-884f-a785-63e24c967a0d
1489630541057	geckodriver	INFO	Listening on 127.0.0.1:53067
1489630542164	mozprofile::profile	INFO	Using profile path /var/folders/18/bq1ryt3x07g9_t40dc47thsm0000gn/T/rust_mozprofile.sWacvHgDTTtX
1489630542167	geckodriver::marionette	INFO	Starting browser /Applications/Firefox.app/Contents/MacOS/firefox-bin
1489630542172	geckodriver::marionette	INFO	Connecting to Marionette on localhost:53073
1489630542793	Marionette	INFO	Listening on port 53073
1489630544127	Marionette	INFO	startBrowser f5502647-8c3c-0948-8c80-6b2cfe9d764f
1489630544139	Marionette	INFO	sendAsync f5502647-8c3c-0948-8c80-6b2cfe9d764f
1489630544313	Marionette	INFO	sendAsync f5502647-8c3c-0948-8c80-6b2cfe9d764f
JavaScript error: http://www.seleniumhq.org/tophatpromo.js, line 1: ReferenceError: $ is not defined
JavaScript error: http://www.seleniumhq.org/tophatpromo.js, line 1: ReferenceError: $ is not defined
1489630545389	Marionette	INFO	sendAsync f5502647-8c3c-0948-8c80-6b2cfe9d764f
1489630545404	Marionette	INFO	sendAsync f5502647-8c3c-0948-8c80-6b2cfe9d764f
1489630545420	Marionette	INFO	sendAsync f5502647-8c3c-0948-8c80-6b2cfe9d764f
1489630545457	Marionette	INFO	sendAsync f5502647-8c3c-0948-8c80-6b2cfe9d764f
1489630563084	geckodriver	INFO	Listening on 127.0.0.1:53120
1489630564181	mozprofile::profile	INFO	Using profile path /var/folders/18/bq1ryt3x07g9_t40dc47thsm0000gn/T/rust_mozprofile.8crsiOccjYIV
1489630564185	geckodriver::marionette	INFO	Starting browser /Applications/Firefox.app/Contents/MacOS/firefox-bin
1489630564191	geckodriver::marionette	INFO	Connecting to Marionette on localhost:53126
1489630564820	Marionette	INFO	Listening on port 53126
1489630566178	Marionette	INFO	startBrowser c221142b-74b3-d246-9510-9748766df3c6
1489630566191	Marionette	INFO	sendAsync c221142b-74b3-d246-9510-9748766df3c6
1489630566373	Marionette	INFO	sendAsync c221142b-74b3-d246-9510-9748766df3c6
JavaScript error: http://www.seleniumhq.org/tophatpromo.js, line 1: ReferenceError: $ is not defined
JavaScript error: http://www.seleniumhq.org/tophatpromo.js, line 1: ReferenceError: $ is not defined
1489630568208	Marionette	INFO	sendAsync c221142b-74b3-d246-9510-9748766df3c6
1489630568219	Marionette	INFO	sendAsync c221142b-74b3-d246-9510-9748766df3c6
1489630568237	Marionette	INFO	sendAsync c221142b-74b3-d246-9510-9748766df3c6
1489630568276	Marionette	INFO	sendAsync c221142b-74b3-d246-9510-9748766df3c6
1489630598764	geckodriver	INFO	Listening on 127.0.0.1:53175
1489630599847	mozprofile::profile	INFO	Using profile path /var/folders/18/bq1ryt3x07g9_t40dc47thsm0000gn/T/rust_mozprofile.t1j3KXfSEc2m
1489630599849	geckodriver::marionette	INFO	Starting browser /Applications/Firefox.app/Contents/MacOS/firefox-bin
1489630599855	geckodriver::marionette	INFO	Connecting to Marionette on localhost:53182
1489630600475	Marionette	INFO	Listening on port 53182
1489630601779	Marionette	INFO	startBrowser 9f197319-57e2-9b46-8fdd-12dacd124e2c
1489630601793	Marionette	INFO	sendAsync 9f197319-57e2-9b46-8fdd-12dacd124e2c
1489630601976	Marionette	INFO	sendAsync 9f197319-57e2-9b46-8fdd-12dacd124e2c
1489630602501	Marionette	INFO	sendAsync 9f197319-57e2-9b46-8fdd-12dacd124e2c
JavaScript error: http://www.seleniumhq.org/tophatpromo.js, line 1: ReferenceError: $ is not defined
JavaScript error: http://www.seleniumhq.org/tophatpromo.js, line 1: ReferenceError: $ is not defined
1489630603545	Marionette	INFO	sendAsync 9f197319-57e2-9b46-8fdd-12dacd124e2c
1489630603559	Marionette	INFO	sendAsync 9f197319-57e2-9b46-8fdd-12dacd124e2c
1489630603576	Marionette	INFO	sendAsync 9f197319-57e2-9b46-8fdd-12dacd124e2c
1489630603605	Marionette	INFO	sendAsync 9f197319-57e2-9b46-8fdd-12dacd124e2c
[Child 2999] ###!!! ABORT: Aborting on channel error.: file /builds/slave/m-rel-m64-00000000000000000000/build/src/ipc/glue/MessageChannel.cpp, line 2046
[Child 2999] ###!!! ABORT: Aborting on channel error.: file /builds/slave/m-rel-m64-00000000000000000000/build/src/ipc/glue/MessageChannel.cpp, line 2046
1489630625561	geckodriver	INFO	Listening on 127.0.0.1:53231
1489630626641	mozprofile::profile	INFO	Using profile path /var/folders/18/bq1ryt3x07g9_t40dc47thsm0000gn/T/rust_mozprofile.2qRKGJgIfCx0
1489630626644	geckodriver::marionette	INFO	Starting browser /Applications/Firefox.app/Contents/MacOS/firefox-bin
1489630626649	geckodriver::marionette	INFO	Connecting to Marionette on localhost:53237
1489630627272	Marionette	INFO	Listening on port 53237
1489630628631	Marionette	INFO	startBrowser 39dba631-c013-d944-9796-dfd12983483b
1489630628643	Marionette	INFO	sendAsync 39dba631-c013-d944-9796-dfd12983483b
1489630628818	Marionette	INFO	sendAsync 39dba631-c013-d944-9796-dfd12983483b
JavaScript error: http://www.seleniumhq.org/tophatpromo.js, line 1: ReferenceError: $ is not defined
JavaScript error: http://www.seleniumhq.org/tophatpromo.js, line 1: ReferenceError: $ is not defined
1489630630128	Marionette	INFO	sendAsync 39dba631-c013-d944-9796-dfd12983483b
1489630630140	Marionette	INFO	sendAsync 39dba631-c013-d944-9796-dfd12983483b
1489630630155	Marionette	INFO	sendAsync 39dba631-c013-d944-9796-dfd12983483b
1489630630195	Marionette	INFO	sendAsync 39dba631-c013-d944-9796-dfd12983483b
1489630683477	geckodriver	INFO	Listening on 127.0.0.1:53289
1489630684593	mozprofile::profile	INFO	Using profile path /var/folders/18/bq1ryt3x07g9_t40dc47thsm0000gn/T/rust_mozprofile.pMpIm70OkVsY
1489630684596	geckodriver::marionette	INFO	Starting browser /Applications/Firefox.app/Contents/MacOS/firefox-bin
1489630684601	geckodriver::marionette	INFO	Connecting to Marionette on localhost:53295
1489630685215	Marionette	INFO	Listening on port 53295
1489630686594	Marionette	INFO	startBrowser a9363706-e630-b942-9c40-ee68f933b9ea
1489630686606	Marionette	INFO	sendAsync a9363706-e630-b942-9c40-ee68f933b9ea
1489630686786	Marionette	INFO	sendAsync a9363706-e630-b942-9c40-ee68f933b9ea
JavaScript error: http://www.seleniumhq.org/tophatpromo.js, line 1: ReferenceError: $ is not defined
JavaScript error: http://www.seleniumhq.org/tophatpromo.js, line 1: ReferenceError: $ is not defined
1489630688019	Marionette	INFO	sendAsync a9363706-e630-b942-9c40-ee68f933b9ea
1489630688035	Marionette	INFO	sendAsync a9363706-e630-b942-9c40-ee68f933b9ea
1489630688079	Marionette	INFO	sendAsync a9363706-e630-b942-9c40-ee68f933b9ea
1489631164576	geckodriver	INFO	Listening on 127.0.0.1:53479
1489631165938	mozprofile::profile	INFO	Using profile path /var/folders/18/bq1ryt3x07g9_t40dc47thsm0000gn/T/rust_mozprofile.eaDFGLUnErHU
1489631165941	geckodriver::marionette	INFO	Starting browser /Applications/Firefox.app/Contents/MacOS/firefox-bin
1489631165947	geckodriver::marionette	INFO	Connecting to Marionette on localhost:53485
1489631167191	Marionette	INFO	Listening on port 53485
1489631169002	Marionette	INFO	startBrowser db51aba7-c52f-7b4f-aea4-72c48dcabf0a
1489631169013	Marionette	INFO	sendAsync db51aba7-c52f-7b4f-aea4-72c48dcabf0a
1489631169300	Marionette	INFO	sendAsync db51aba7-c52f-7b4f-aea4-72c48dcabf0a
JavaScript error: http://www.seleniumhq.org/tophatpromo.js, line 1: ReferenceError: $ is not defined
JavaScript error: http://www.seleniumhq.org/tophatpromo.js, line 1: ReferenceError: $ is not defined
1489631171317	Marionette	INFO	sendAsync db51aba7-c52f-7b4f-aea4-72c48dcabf0a
1489631171329	Marionette	INFO	sendAsync db51aba7-c52f-7b4f-aea4-72c48dcabf0a
1489631171364	Marionette	INFO	sendAsync db51aba7-c52f-7b4f-aea4-72c48dcabf0a
1489632456182	geckodriver	INFO	Listening on 127.0.0.1:54322
1489632457541	mozprofile::profile	INFO	Using profile path /var/folders/18/bq1ryt3x07g9_t40dc47thsm0000gn/T/rust_mozprofile.vIGhKgX13dUE
1489632457544	geckodriver::marionette	INFO	Starting browser /Applications/Firefox.app/Contents/MacOS/firefox-bin
1489632457550	geckodriver::marionette	INFO	Connecting to Marionette on localhost:54328
1489632458646	Marionette	INFO	Listening on port 54328
1489632460211	Marionette	INFO	startBrowser f45508ee-af57-7d4b-8c13-4b29ad2e63c2
1489632460223	Marionette	INFO	sendAsync f45508ee-af57-7d4b-8c13-4b29ad2e63c2
1489632460454	Marionette	INFO	sendAsync f45508ee-af57-7d4b-8c13-4b29ad2e63c2
1489632499015	geckodriver	INFO	Listening on 127.0.0.1:54366
1489632500104	mozprofile::profile	INFO	Using profile path /var/folders/18/bq1ryt3x07g9_t40dc47thsm0000gn/T/rust_mozprofile.psjgVvHW5RI8
1489632500106	geckodriver::marionette	INFO	Starting browser /Applications/Firefox.app/Contents/MacOS/firefox-bin
1489632500112	geckodriver::marionette	INFO	Connecting to Marionette on localhost:54372
1489632500763	Marionette	INFO	Listening on port 54372
1489632502061	Marionette	INFO	startBrowser ab36083e-0d74-6b4e-9c78-f21962551fe4
1489632502075	Marionette	INFO	sendAsync ab36083e-0d74-6b4e-9c78-f21962551fe4
1489632502228	Marionette	INFO	sendAsync ab36083e-0d74-6b4e-9c78-f21962551fe4
1489632584671	geckodriver	INFO	Listening on 127.0.0.1:54398
1489632585759	mozprofile::profile	INFO	Using profile path /var/folders/18/bq1ryt3x07g9_t40dc47thsm0000gn/T/rust_mozprofile.QGzAKLGT7rb4
1489632585762	geckodriver::marionette	INFO	Starting browser /Applications/Firefox.app/Contents/MacOS/firefox-bin
1489632585767	geckodriver::marionette	INFO	Connecting to Marionette on localhost:54404
1489632586384	Marionette	INFO	Listening on port 54404
1489632587696	Marionette	INFO	startBrowser 391fbf48-3971-4a44-aba2-3d8065eace26
1489632587709	Marionette	INFO	sendAsync 391fbf48-3971-4a44-aba2-3d8065eace26
1489632587866	Marionette	INFO	sendAsync 391fbf48-3971-4a44-aba2-3d8065eace26
1489632626829	geckodriver	INFO	Listening on 127.0.0.1:54435
1489632627908	mozprofile::profile	INFO	Using profile path /var/folders/18/bq1ryt3x07g9_t40dc47thsm0000gn/T/rust_mozprofile.nRMrLHHdEjPb
1489632627911	geckodriver::marionette	INFO	Starting browser /Applications/Firefox.app/Contents/MacOS/firefox-bin
1489632627916	geckodriver::marionette	INFO	Connecting to Marionette on localhost:54441
1489632628520	Marionette	INFO	Listening on port 54441
1489632629819	Marionette	INFO	startBrowser 89674113-291a-de4a-aad6-238505f76c99
1489632629833	Marionette	INFO	sendAsync 89674113-291a-de4a-aad6-238505f76c99
1489632629988	Marionette	INFO	sendAsync 89674113-291a-de4a-aad6-238505f76c99
1489632630553	Marionette	INFO	sendAsync 89674113-291a-de4a-aad6-238505f76c99
1489632652067	addons.productaddons	WARN	Failed downloading XML, status: 0, reason: error
1489632721588	geckodriver	INFO	Listening on 127.0.0.1:54478
1489632722671	mozprofile::profile	INFO	Using profile path /var/folders/18/bq1ryt3x07g9_t40dc47thsm0000gn/T/rust_mozprofile.Zww2fjO9pxwU
1489632722674	geckodriver::marionette	INFO	Starting browser /Applications/Firefox.app/Contents/MacOS/firefox-bin
1489632722680	geckodriver::marionette	INFO	Connecting to Marionette on localhost:54484
1489632723310	Marionette	INFO	Listening on port 54484
1489632724621	Marionette	INFO	startBrowser 895271c2-ea5f-8c42-8f66-6f23ad2a1c64
1489632724631	Marionette	INFO	sendAsync 895271c2-ea5f-8c42-8f66-6f23ad2a1c64
1489632724793	Marionette	INFO	sendAsync 895271c2-ea5f-8c42-8f66-6f23ad2a1c64
1489632791009	addons.productaddons	WARN	Failed downloading via XHR, status: 0, reason: error
1489632877434	geckodriver	INFO	Listening on 127.0.0.1:54527
1489632878519	mozprofile::profile	INFO	Using profile path /var/folders/18/bq1ryt3x07g9_t40dc47thsm0000gn/T/rust_mozprofile.uPOC9lPGjZKh
1489632878521	geckodriver::marionette	INFO	Starting browser /Applications/Firefox.app/Contents/MacOS/firefox-bin
1489632878526	geckodriver::marionette	INFO	Connecting to Marionette on localhost:54535
1489632879128	Marionette	INFO	Listening on port 54535
1489632880448	Marionette	INFO	startBrowser 9d5c7bfb-de54-b444-993f-3e48543feb49
1489632880459	Marionette	INFO	sendAsync 9d5c7bfb-de54-b444-993f-3e48543feb49
1489632880618	Marionette	INFO	sendAsync 9d5c7bfb-de54-b444-993f-3e48543feb49
1489632893136	geckodriver	INFO	Listening on 127.0.0.1:54560
1489632894211	mozprofile::profile	INFO	Using profile path /var/folders/18/bq1ryt3x07g9_t40dc47thsm0000gn/T/rust_mozprofile.ys2Osw5JuxX4
1489632894214	geckodriver::marionette	INFO	Starting browser /Applications/Firefox.app/Contents/MacOS/firefox-bin
1489632894219	geckodriver::marionette	INFO	Connecting to Marionette on localhost:54566
1489632894833	Marionette	INFO	Listening on port 54566
1489632896173	Marionette	INFO	startBrowser 82d4d7e7-bbf9-0a44-82cd-8899b79b59ea
1489632896188	Marionette	INFO	sendAsync 82d4d7e7-bbf9-0a44-82cd-8899b79b59ea
1489632896337	Marionette	INFO	sendAsync 82d4d7e7-bbf9-0a44-82cd-8899b79b59ea
1489632993895	geckodriver	INFO	Listening on 127.0.0.1:54615
1489632995020	mozprofile::profile	INFO	Using profile path /var/folders/18/bq1ryt3x07g9_t40dc47thsm0000gn/T/rust_mozprofile.1Ap2ZwrPLCF2
1489632995023	geckodriver::marionette	INFO	Starting browser /Applications/Firefox.app/Contents/MacOS/firefox-bin
1489632995028	geckodriver::marionette	INFO	Connecting to Marionette on localhost:54621
1489632995685	Marionette	INFO	Listening on port 54621
1489632996979	Marionette	INFO	startBrowser 8152d8da-a538-0b46-8393-a6a5c25cb7a3
1489632996991	Marionette	INFO	sendAsync 8152d8da-a538-0b46-8393-a6a5c25cb7a3
1489632997184	Marionette	INFO	sendAsync 8152d8da-a538-0b46-8393-a6a5c25cb7a3
JavaScript error: http://www.seleniumhq.org/tophatpromo.js, line 1: ReferenceError: $ is not defined
JavaScript error: http://www.seleniumhq.org/tophatpromo.js, line 1: ReferenceError: $ is not defined
1489632998452	Marionette	INFO	sendAsync 8152d8da-a538-0b46-8393-a6a5c25cb7a3
1489632998471	Marionette	INFO	sendAsync 8152d8da-a538-0b46-8393-a6a5c25cb7a3
1489632998486	Marionette	INFO	sendAsync 8152d8da-a538-0b46-8393-a6a5c25cb7a3
1489632998526	Marionette	INFO	sendAsync 8152d8da-a538-0b46-8393-a6a5c25cb7a3
1489632998543	Marionette	INFO	sendAsync 8152d8da-a538-0b46-8393-a6a5c25cb7a3
1489632998556	Marionette	INFO	sendAsync 8152d8da-a538-0b46-8393-a6a5c25cb7a3
1489632998574	Marionette	INFO	sendAsync 8152d8da-a538-0b46-8393-a6a5c25cb7a3
1489632998612	Marionette	INFO	sendAsync 8152d8da-a538-0b46-8393-a6a5c25cb7a3
JavaScript error: http://www.seleniumhq.org/tophatpromo.js, line 1: ReferenceError: $ is not defined
JavaScript error: http://www.seleniumhq.org/tophatpromo.js, line 1: ReferenceError: $ is not defined
1489632998846	Marionette	INFO	sendAsync 8152d8da-a538-0b46-8393-a6a5c25cb7a3
1489632998882	Marionette	INFO	sendAsync 8152d8da-a538-0b46-8393-a6a5c25cb7a3
1489632998903	Marionette	INFO	sendAsync 8152d8da-a538-0b46-8393-a6a5c25cb7a3
1489633049422	geckodriver	INFO	Listening on 127.0.0.1:54692
1489633050571	mozprofile::profile	INFO	Using profile path /var/folders/18/bq1ryt3x07g9_t40dc47thsm0000gn/T/rust_mozprofile.GPbmmph3RyFe
1489633050574	geckodriver::marionette	INFO	Starting browser /Applications/Firefox.app/Contents/MacOS/firefox-bin
1489633050579	geckodriver::marionette	INFO	Connecting to Marionette on localhost:54700
1489633051260	Marionette	INFO	Listening on port 54700
1489633052573	Marionette	INFO	startBrowser d3bc8d28-9dd3-7e4a-8365-7c7e43303d8d
1489633052587	Marionette	INFO	sendAsync d3bc8d28-9dd3-7e4a-8365-7c7e43303d8d
1489633052740	Marionette	INFO	sendAsync d3bc8d28-9dd3-7e4a-8365-7c7e43303d8d
1489633093565	geckodriver	INFO	Listening on 127.0.0.1:54734
1489633094645	mozprofile::profile	INFO	Using profile path /var/folders/18/bq1ryt3x07g9_t40dc47thsm0000gn/T/rust_mozprofile.9uonM1bbUwoZ
1489633094648	geckodriver::marionette	INFO	Starting browser /Applications/Firefox.app/Contents/MacOS/firefox-bin
1489633094653	geckodriver::marionette	INFO	Connecting to Marionette on localhost:54740
1489633095318	Marionette	INFO	Listening on port 54740
1489633096673	Marionette	INFO	startBrowser 18835627-1fb9-be49-bce1-d440502d38e2
1489633096684	Marionette	INFO	sendAsync 18835627-1fb9-be49-bce1-d440502d38e2
1489633096859	Marionette	INFO	sendAsync 18835627-1fb9-be49-bce1-d440502d38e2
1489633118819	addons.productaddons	WARN	Failed downloading via XHR, status: 0, reason: error
1489633148143	geckodriver	INFO	Listening on 127.0.0.1:54778
1489633149258	mozprofile::profile	INFO	Using profile path /var/folders/18/bq1ryt3x07g9_t40dc47thsm0000gn/T/rust_mozprofile.TpmEmQBlZUNX
1489633149260	geckodriver::marionette	INFO	Starting browser /Applications/Firefox.app/Contents/MacOS/firefox-bin
1489633149265	geckodriver::marionette	INFO	Connecting to Marionette on localhost:54784
1489633150009	Marionette	INFO	Listening on port 54784
1489633151311	Marionette	INFO	startBrowser e60885d1-a078-4547-a90f-26a9d452ada9
1489633151325	Marionette	INFO	sendAsync e60885d1-a078-4547-a90f-26a9d452ada9
1489633151515	Marionette	INFO	sendAsync e60885d1-a078-4547-a90f-26a9d452ada9
1489633151975	Marionette	INFO	sendAsync e60885d1-a078-4547-a90f-26a9d452ada9
1489633219065	addons.productaddons	WARN	Failed downloading XML, status: 0, reason: error
1489633262947	geckodriver	INFO	Listening on 127.0.0.1:54883
1489633264324	mozprofile::profile	INFO	Using profile path /var/folders/18/bq1ryt3x07g9_t40dc47thsm0000gn/T/rust_mozprofile.mWlOTxpb9VdP
1489633264337	geckodriver::marionette	INFO	Starting browser /Applications/Firefox.app/Contents/MacOS/firefox-bin
1489633264348	geckodriver::marionette	INFO	Connecting to Marionette on localhost:54889
1489633265156	Marionette	INFO	Listening on port 54889
1489633266640	Marionette	INFO	startBrowser 85ae2d64-c5e7-e74f-a3e6-35c6f6b78a71
1489633266655	Marionette	INFO	sendAsync 85ae2d64-c5e7-e74f-a3e6-35c6f6b78a71
1489633266892	Marionette	INFO	sendAsync 85ae2d64-c5e7-e74f-a3e6-35c6f6b78a71
1489633430292	geckodriver	INFO	Listening on 127.0.0.1:54926
1489633431387	mozprofile::profile	INFO	Using profile path /var/folders/18/bq1ryt3x07g9_t40dc47thsm0000gn/T/rust_mozprofile.RFfL3MwYASYd
1489633431390	geckodriver::marionette	INFO	Starting browser /Applications/Firefox.app/Contents/MacOS/firefox-bin
1489633431395	geckodriver::marionette	INFO	Connecting to Marionette on localhost:54932
1489633432100	Marionette	INFO	Listening on port 54932
1489633433435	Marionette	INFO	startBrowser 57bb111c-137b-7c4b-b442-d71958dcc19a
1489633433447	Marionette	INFO	sendAsync 57bb111c-137b-7c4b-b442-d71958dcc19a
1489633433727	Marionette	INFO	sendAsync 57bb111c-137b-7c4b-b442-d71958dcc19a
1489633502695	addons.productaddons	WARN	Failed downloading via XHR, status: 0, reason: error
1489633510205	geckodriver	INFO	Listening on 127.0.0.1:54986
1489633511287	mozprofile::profile	INFO	Using profile path /var/folders/18/bq1ryt3x07g9_t40dc47thsm0000gn/T/rust_mozprofile.5rEfgX5gObya
1489633511290	geckodriver::marionette	INFO	Starting browser /Applications/Firefox.app/Contents/MacOS/firefox-bin
1489633511295	geckodriver::marionette	INFO	Connecting to Marionette on localhost:54992
1489633511971	Marionette	INFO	Listening on port 54992
1489633513256	Marionette	INFO	startBrowser 96f5b58c-cc7e-db45-a93b-bd65a6996958
1489633513267	Marionette	INFO	sendAsync 96f5b58c-cc7e-db45-a93b-bd65a6996958
1489633513437	Marionette	INFO	sendAsync 96f5b58c-cc7e-db45-a93b-bd65a6996958
1489633513873	Marionette	INFO	sendAsync 96f5b58c-cc7e-db45-a93b-bd65a6996958
1489633561411	geckodriver	INFO	Listening on 127.0.0.1:55110
1489633562498	mozprofile::profile	INFO	Using profile path /var/folders/18/bq1ryt3x07g9_t40dc47thsm0000gn/T/rust_mozprofile.aT2z4Zazr2xU
1489633562500	geckodriver::marionette	INFO	Starting browser /Applications/Firefox.app/Contents/MacOS/firefox-bin
1489633562506	geckodriver::marionette	INFO	Connecting to Marionette on localhost:55116
1489633563236	Marionette	INFO	Listening on port 55116
1489633564540	Marionette	INFO	startBrowser c57e71dc-06d1-c148-a023-52142a4e68cb
1489633564551	Marionette	INFO	sendAsync c57e71dc-06d1-c148-a023-52142a4e68cb
1489633564706	Marionette	INFO	sendAsync c57e71dc-06d1-c148-a023-52142a4e68cb
1489633565135	Marionette	INFO	sendAsync c57e71dc-06d1-c148-a023-52142a4e68cb
1489633575733	addons.productaddons	WARN	Failed downloading via XHR, status: 0, reason: error
1489633582845	geckodriver	INFO	Listening on 127.0.0.1:55161
1489633583925	mozprofile::profile	INFO	Using profile path /var/folders/18/bq1ryt3x07g9_t40dc47thsm0000gn/T/rust_mozprofile.i2fjWfhAw1hF
1489633583928	geckodriver::marionette	INFO	Starting browser /Applications/Firefox.app/Contents/MacOS/firefox-bin
1489633583933	geckodriver::marionette	INFO	Connecting to Marionette on localhost:55167
1489633584561	Marionette	INFO	Listening on port 55167
1489633585852	Marionette	INFO	startBrowser 4f3ce41c-be9b-344c-a680-2047a5994b7e
1489633585866	Marionette	INFO	sendAsync 4f3ce41c-be9b-344c-a680-2047a5994b7e
1489633586023	Marionette	INFO	sendAsync 4f3ce41c-be9b-344c-a680-2047a5994b7e
1489633624688	addons.productaddons	WARN	Failed downloading XML, status: 0, reason: error
1489633655090	addons.productaddons	WARN	Failed downloading via XHR, status: 0, reason: error
1489633676273	geckodriver	INFO	Listening on 127.0.0.1:55366
1489633677354	mozprofile::profile	INFO	Using profile path /var/folders/18/bq1ryt3x07g9_t40dc47thsm0000gn/T/rust_mozprofile.xj9dVAh2oLbu
1489633677357	geckodriver::marionette	INFO	Starting browser /Applications/Firefox.app/Contents/MacOS/firefox-bin
1489633677362	geckodriver::marionette	INFO	Connecting to Marionette on localhost:55372
1489633678045	Marionette	INFO	Listening on port 55372
1489633679469	Marionette	INFO	startBrowser 1c2c44dc-5252-9741-8d53-ce3bbd851ff0
1489633679481	Marionette	INFO	sendAsync 1c2c44dc-5252-9741-8d53-ce3bbd851ff0
1489633679653	Marionette	INFO	sendAsync 1c2c44dc-5252-9741-8d53-ce3bbd851ff0
1489635009174	geckodriver	INFO	Listening on 127.0.0.1:50353
1489635010305	mozprofile::profile	INFO	Using profile path /var/folders/18/bq1ryt3x07g9_t40dc47thsm0000gn/T/rust_mozprofile.MW6TxYE05Hcr
1489635010308	geckodriver::marionette	INFO	Starting browser /Applications/Firefox.app/Contents/MacOS/firefox-bin
1489635010313	geckodriver::marionette	INFO	Connecting to Marionette on localhost:50359
1489635010914	Marionette	INFO	Listening on port 50359
1489635012169	Marionette	INFO	startBrowser 5997fb14-a980-694a-a622-7a1908408239
1489635012180	Marionette	INFO	sendAsync 5997fb14-a980-694a-a622-7a1908408239
1489635012355	Marionette	INFO	sendAsync 5997fb14-a980-694a-a622-7a1908408239
JavaScript error: http://www.seleniumhq.org/tophatpromo.js, line 1: ReferenceError: $ is not defined
JavaScript error: http://www.seleniumhq.org/tophatpromo.js, line 1: ReferenceError: $ is not defined
1489635013206	Marionette	INFO	sendAsync 5997fb14-a980-694a-a622-7a1908408239
1489635013217	Marionette	INFO	sendAsync 5997fb14-a980-694a-a622-7a1908408239
1489635013231	Marionette	INFO	sendAsync 5997fb14-a980-694a-a622-7a1908408239
1489635013269	Marionette	INFO	sendAsync 5997fb14-a980-694a-a622-7a1908408239
1489635013284	Marionette	INFO	sendAsync 5997fb14-a980-694a-a622-7a1908408239
1489635013298	Marionette	INFO	sendAsync 5997fb14-a980-694a-a622-7a1908408239
1489635013310	Marionette	INFO	sendAsync 5997fb14-a980-694a-a622-7a1908408239
1489635013342	Marionette	INFO	sendAsync 5997fb14-a980-694a-a622-7a1908408239
1489635013378	Marionette	INFO	sendAsync 5997fb14-a980-694a-a622-7a1908408239
1489635369548	geckodriver	INFO	Listening on 127.0.0.1:50523
1489635370628	mozprofile::profile	INFO	Using profile path /var/folders/18/bq1ryt3x07g9_t40dc47thsm0000gn/T/rust_mozprofile.eRHrnDjtZRf0
1489635370631	geckodriver::marionette	INFO	Starting browser /Applications/Firefox.app/Contents/MacOS/firefox-bin
1489635370636	geckodriver::marionette	INFO	Connecting to Marionette on localhost:50529
1489635371233	Marionette	INFO	Listening on port 50529
1489635372577	Marionette	INFO	startBrowser b1202edc-40a8-f34e-8494-22e54defa72f
1489635372588	Marionette	INFO	sendAsync b1202edc-40a8-f34e-8494-22e54defa72f
1489635372768	Marionette	INFO	sendAsync b1202edc-40a8-f34e-8494-22e54defa72f
JavaScript error: http://www.seleniumhq.org/tophatpromo.js, line 1: ReferenceError: $ is not defined
JavaScript error: http://www.seleniumhq.org/tophatpromo.js, line 1: ReferenceError: $ is not defined
1489635373579	Marionette	INFO	sendAsync b1202edc-40a8-f34e-8494-22e54defa72f
1489635373591	Marionette	INFO	sendAsync b1202edc-40a8-f34e-8494-22e54defa72f
1489635373606	Marionette	INFO	sendAsync b1202edc-40a8-f34e-8494-22e54defa72f
1489635373649	Marionette	INFO	sendAsync b1202edc-40a8-f34e-8494-22e54defa72f
1489635373664	Marionette	INFO	sendAsync b1202edc-40a8-f34e-8494-22e54defa72f
1489635373680	Marionette	INFO	sendAsync b1202edc-40a8-f34e-8494-22e54defa72f
1489635373695	Marionette	INFO	sendAsync b1202edc-40a8-f34e-8494-22e54defa72f
1489635373727	Marionette	INFO	sendAsync b1202edc-40a8-f34e-8494-22e54defa72f
1489635373756	Marionette	INFO	sendAsync b1202edc-40a8-f34e-8494-22e54defa72f
1489677884876	geckodriver	INFO	Listening on 127.0.0.1:52978
1489677887451	mozprofile::profile	INFO	Using profile path /var/folders/18/bq1ryt3x07g9_t40dc47thsm0000gn/T/rust_mozprofile.vJ1uE7H5PfO1
1489677887454	geckodriver::marionette	INFO	Starting browser /Applications/Firefox.app/Contents/MacOS/firefox-bin
1489677887505	geckodriver::marionette	INFO	Connecting to Marionette on localhost:52984
1489677888868	Marionette	INFO	Listening on port 52984
1489677890684	Marionette	INFO	startBrowser 5183c8a4-afb6-a445-82ae-acb7ff0487d6
1489677890696	Marionette	INFO	sendAsync 5183c8a4-afb6-a445-82ae-acb7ff0487d6
1489677890946	Marionette	INFO	sendAsync 5183c8a4-afb6-a445-82ae-acb7ff0487d6
JavaScript error: http://cdn2.editmysite.com/js/site/main.js?buildTime=1404413905, line 1: ReferenceError: jQuery is not defined
JavaScript error: http://cdn2.editmysite.com/js/site/commerce-core.js?buildTime=1404413905, line 1: ReferenceError: jQuery is not defined
JavaScript error: http://travelingtony.weebly.com/, line 80: ReferenceError: Prototype is not defined
JavaScript error: http://travelingtony.weebly.com/, line 336: TypeError: _W.getCookie is not a function
JavaScript error: http://cdn2.editmysite.com/js/site/main.js?buildTime=1404413905, line 1: Error: undefined missing site/published/commerce-core
1489677892034	Marionette	INFO	sendAsync 5183c8a4-afb6-a445-82ae-acb7ff0487d6
1489678393388	geckodriver	INFO	Listening on 127.0.0.1:53153
1489678394484	mozprofile::profile	INFO	Using profile path /var/folders/18/bq1ryt3x07g9_t40dc47thsm0000gn/T/rust_mozprofile.uArj1vdvkPjj
1489678394486	geckodriver::marionette	INFO	Starting browser /Applications/Firefox.app/Contents/MacOS/firefox-bin
1489678394491	geckodriver::marionette	INFO	Connecting to Marionette on localhost:53159
1489678395157	Marionette	INFO	Listening on port 53159
1489678396564	Marionette	INFO	startBrowser 86647c73-f4dc-5648-874e-3cc8e4dfa0d2
1489678396577	Marionette	INFO	sendAsync 86647c73-f4dc-5648-874e-3cc8e4dfa0d2
1489678396753	Marionette	INFO	sendAsync 86647c73-f4dc-5648-874e-3cc8e4dfa0d2
1489678397383	Marionette	INFO	sendAsync 86647c73-f4dc-5648-874e-3cc8e4dfa0d2
JavaScript error: http://cdn2.editmysite.com/js/site/main.js?buildTime=1404413905, line 1: ReferenceError: jQuery is not defined
JavaScript error: http://cdn2.editmysite.com/js/site/commerce-core.js?buildTime=1404413905, line 1: ReferenceError: jQuery is not defined
JavaScript error: http://travelingtony.weebly.com/, line 80: ReferenceError: Prototype is not defined
JavaScript error: http://travelingtony.weebly.com/, line 336: TypeError: _W.getCookie is not a function
JavaScript error: http://cdn2.editmysite.com/js/site/main.js?buildTime=1404413905, line 1: Error: undefined missing site/published/commerce-core
1489678398618	Marionette	INFO	sendAsync 86647c73-f4dc-5648-874e-3cc8e4dfa0d2
[Child 2351] ###!!! ABORT: Aborting on channel error.: file /builds/slave/m-rel-m64-00000000000000000000/build/src/ipc/glue/MessageChannel.cpp, line 2046
[Child 2351] ###!!! ABORT: Aborting on channel error.: file /builds/slave/m-rel-m64-00000000000000000000/build/src/ipc/glue/MessageChannel.cpp, line 2046
